{"D:\\Javav\\AVALIACAO EM ANDAMENTO\\segunda-avaliacao-router\\src\\app.js": {"path":"D:\\Javav\\AVALIACAO EM ANDAMENTO\\segunda-avaliacao-router\\src\\app.js","statementMap":{"0":{"start":{"line":1,"column":16},"end":{"line":1,"column":34}},"1":{"start":{"line":2,"column":13},"end":{"line":2,"column":28}},"2":{"start":{"line":3,"column":17},"end":{"line":3,"column":41}},"3":{"start":{"line":4,"column":16},"end":{"line":4,"column":37}},"4":{"start":{"line":5,"column":19},"end":{"line":5,"column":43}},"5":{"start":{"line":6,"column":22},"end":{"line":6,"column":49}},"6":{"start":{"line":7,"column":19},"end":{"line":7,"column":43}},"7":{"start":{"line":9,"column":12},"end":{"line":9,"column":21}},"8":{"start":{"line":10,"column":0},"end":{"line":10,"column":24}},"9":{"start":{"line":13,"column":0},"end":{"line":13,"column":16}},"10":{"start":{"line":16,"column":0},"end":{"line":18,"column":3}},"11":{"start":{"line":17,"column":4},"end":{"line":17,"column":53}},"12":{"start":{"line":21,"column":0},"end":{"line":21,"column":41}},"13":{"start":{"line":22,"column":0},"end":{"line":22,"column":45}},"14":{"start":{"line":25,"column":0},"end":{"line":25,"column":31}},"15":{"start":{"line":28,"column":0},"end":{"line":28,"column":36}},"16":{"start":{"line":29,"column":0},"end":{"line":29,"column":42}},"17":{"start":{"line":30,"column":0},"end":{"line":30,"column":36}},"18":{"start":{"line":32,"column":0},"end":{"line":32,"column":21}}},"fnMap":{"0":{"name":"(anonymous_0)","decl":{"start":{"line":16,"column":13},"end":{"line":16,"column":14}},"loc":{"start":{"line":16,"column":27},"end":{"line":18,"column":1}},"line":16}},"branchMap":{},"s":{"0":1,"1":1,"2":1,"3":1,"4":1,"5":1,"6":1,"7":1,"8":1,"9":1,"10":1,"11":0,"12":1,"13":1,"14":1,"15":1,"16":1,"17":1,"18":1},"f":{"0":0},"b":{},"_coverageSchema":"1a1c01bbd47fc00a2c39e90264f33305004495a9","hash":"eac19a44c90a6e4b725d90ad378a8cdaf083ebbe"}
,"D:\\Javav\\AVALIACAO EM ANDAMENTO\\segunda-avaliacao-router\\src\\api\\project.js": {"path":"D:\\Javav\\AVALIACAO EM ANDAMENTO\\segunda-avaliacao-router\\src\\api\\project.js","statementMap":{"0":{"start":{"line":1,"column":26},"end":{"line":1,"column":58}},"1":{"start":{"line":5,"column":44},"end":{"line":5,"column":52}},"2":{"start":{"line":7,"column":8},"end":{"line":12,"column":9}},"3":{"start":{"line":8,"column":28},"end":{"line":8,"column":90}},"4":{"start":{"line":9,"column":12},"end":{"line":9,"column":48}},"5":{"start":{"line":11,"column":12},"end":{"line":11,"column":87}},"6":{"start":{"line":16,"column":23},"end":{"line":16,"column":33}},"7":{"start":{"line":17,"column":44},"end":{"line":17,"column":52}},"8":{"start":{"line":19,"column":8},"end":{"line":24,"column":9}},"9":{"start":{"line":20,"column":28},"end":{"line":20,"column":102}},"10":{"start":{"line":21,"column":12},"end":{"line":21,"column":48}},"11":{"start":{"line":23,"column":12},"end":{"line":23,"column":89}},"12":{"start":{"line":28,"column":23},"end":{"line":28,"column":33}},"13":{"start":{"line":29,"column":27},"end":{"line":29,"column":35}},"14":{"start":{"line":31,"column":8},"end":{"line":36,"column":9}},"15":{"start":{"line":32,"column":12},"end":{"line":32,"column":69}},"16":{"start":{"line":33,"column":12},"end":{"line":33,"column":84}},"17":{"start":{"line":35,"column":12},"end":{"line":35,"column":89}},"18":{"start":{"line":40,"column":27},"end":{"line":40,"column":37}},"19":{"start":{"line":42,"column":8},"end":{"line":47,"column":9}},"20":{"start":{"line":43,"column":29},"end":{"line":43,"column":75}},"21":{"start":{"line":44,"column":12},"end":{"line":44,"column":50}},"22":{"start":{"line":46,"column":12},"end":{"line":46,"column":66}},"23":{"start":{"line":52,"column":22},"end":{"line":52,"column":47}},"24":{"start":{"line":54,"column":8},"end":{"line":59,"column":9}},"25":{"start":{"line":55,"column":12},"end":{"line":55,"column":56}},"26":{"start":{"line":56,"column":12},"end":{"line":56,"column":19}},"27":{"start":{"line":58,"column":12},"end":{"line":58,"column":65}},"28":{"start":{"line":63,"column":0},"end":{"line":63,"column":33}}},"fnMap":{"0":{"name":"(anonymous_0)","decl":{"start":{"line":4,"column":4},"end":{"line":4,"column":5}},"loc":{"start":{"line":4,"column":34},"end":{"line":13,"column":5}},"line":4},"1":{"name":"(anonymous_1)","decl":{"start":{"line":15,"column":4},"end":{"line":15,"column":5}},"loc":{"start":{"line":15,"column":34},"end":{"line":25,"column":5}},"line":15},"2":{"name":"(anonymous_2)","decl":{"start":{"line":27,"column":4},"end":{"line":27,"column":5}},"loc":{"start":{"line":27,"column":34},"end":{"line":37,"column":5}},"line":27},"3":{"name":"(anonymous_3)","decl":{"start":{"line":39,"column":4},"end":{"line":39,"column":5}},"loc":{"start":{"line":39,"column":35},"end":{"line":48,"column":5}},"line":39},"4":{"name":"(anonymous_4)","decl":{"start":{"line":51,"column":4},"end":{"line":51,"column":5}},"loc":{"start":{"line":51,"column":39},"end":{"line":60,"column":5}},"line":51}},"branchMap":{},"s":{"0":1,"1":0,"2":0,"3":0,"4":0,"5":0,"6":0,"7":0,"8":0,"9":0,"10":0,"11":0,"12":0,"13":0,"14":0,"15":0,"16":0,"17":0,"18":0,"19":0,"20":0,"21":0,"22":0,"23":0,"24":0,"25":0,"26":0,"27":0,"28":1},"f":{"0":0,"1":0,"2":0,"3":0,"4":0},"b":{},"_coverageSchema":"1a1c01bbd47fc00a2c39e90264f33305004495a9","hash":"786d5527a6c26e63d8044c4c79e75b28a3e5dc0e"}
,"D:\\Javav\\AVALIACAO EM ANDAMENTO\\segunda-avaliacao-router\\src\\api\\task.js": {"path":"D:\\Javav\\AVALIACAO EM ANDAMENTO\\segunda-avaliacao-router\\src\\api\\task.js","statementMap":{"0":{"start":{"line":1,"column":23},"end":{"line":1,"column":52}},"1":{"start":{"line":5,"column":57},"end":{"line":5,"column":65}},"2":{"start":{"line":7,"column":8},"end":{"line":12,"column":9}},"3":{"start":{"line":8,"column":25},"end":{"line":8,"column":94}},"4":{"start":{"line":9,"column":12},"end":{"line":9,"column":45}},"5":{"start":{"line":11,"column":12},"end":{"line":11,"column":86}},"6":{"start":{"line":16,"column":23},"end":{"line":16,"column":33}},"7":{"start":{"line":17,"column":69},"end":{"line":17,"column":77}},"8":{"start":{"line":19,"column":8},"end":{"line":24,"column":9}},"9":{"start":{"line":20,"column":25},"end":{"line":20,"column":118}},"10":{"start":{"line":21,"column":12},"end":{"line":21,"column":45}},"11":{"start":{"line":23,"column":12},"end":{"line":23,"column":87}},"12":{"start":{"line":28,"column":23},"end":{"line":28,"column":33}},"13":{"start":{"line":29,"column":27},"end":{"line":29,"column":35}},"14":{"start":{"line":31,"column":8},"end":{"line":36,"column":9}},"15":{"start":{"line":32,"column":12},"end":{"line":32,"column":63}},"16":{"start":{"line":33,"column":12},"end":{"line":33,"column":41}},"17":{"start":{"line":35,"column":12},"end":{"line":35,"column":88}},"18":{"start":{"line":40,"column":38},"end":{"line":40,"column":48}},"19":{"start":{"line":41,"column":27},"end":{"line":41,"column":36}},"20":{"start":{"line":43,"column":8},"end":{"line":53,"column":9}},"21":{"start":{"line":45,"column":12},"end":{"line":47,"column":13}},"22":{"start":{"line":46,"column":16},"end":{"line":46,"column":70}},"23":{"start":{"line":49,"column":26},"end":{"line":49,"column":93}},"24":{"start":{"line":50,"column":12},"end":{"line":50,"column":46}},"25":{"start":{"line":52,"column":12},"end":{"line":52,"column":86}},"26":{"start":{"line":58,"column":0},"end":{"line":58,"column":30}}},"fnMap":{"0":{"name":"(anonymous_0)","decl":{"start":{"line":4,"column":4},"end":{"line":4,"column":5}},"loc":{"start":{"line":4,"column":31},"end":{"line":13,"column":5}},"line":4},"1":{"name":"(anonymous_1)","decl":{"start":{"line":15,"column":4},"end":{"line":15,"column":5}},"loc":{"start":{"line":15,"column":31},"end":{"line":25,"column":5}},"line":15},"2":{"name":"(anonymous_2)","decl":{"start":{"line":27,"column":4},"end":{"line":27,"column":5}},"loc":{"start":{"line":27,"column":31},"end":{"line":37,"column":5}},"line":27},"3":{"name":"(anonymous_3)","decl":{"start":{"line":39,"column":4},"end":{"line":39,"column":5}},"loc":{"start":{"line":39,"column":31},"end":{"line":54,"column":5}},"line":39}},"branchMap":{"0":{"loc":{"start":{"line":45,"column":12},"end":{"line":47,"column":13}},"type":"if","locations":[{"start":{"line":45,"column":12},"end":{"line":47,"column":13}},{"start":{},"end":{}}],"line":45},"1":{"loc":{"start":{"line":45,"column":15},"end":{"line":45,"column":36}},"type":"binary-expr","locations":[{"start":{"line":45,"column":15},"end":{"line":45,"column":25}},{"start":{"line":45,"column":29},"end":{"line":45,"column":36}}],"line":45}},"s":{"0":1,"1":0,"2":0,"3":0,"4":0,"5":0,"6":0,"7":0,"8":0,"9":0,"10":0,"11":0,"12":0,"13":0,"14":0,"15":0,"16":0,"17":0,"18":0,"19":0,"20":0,"21":0,"22":0,"23":0,"24":0,"25":0,"26":1},"f":{"0":0,"1":0,"2":0,"3":0},"b":{"0":[0,0],"1":[0,0]},"_coverageSchema":"1a1c01bbd47fc00a2c39e90264f33305004495a9","hash":"154564576b6955ee5d91cc53be177d3aed0cc5ca"}
,"D:\\Javav\\AVALIACAO EM ANDAMENTO\\segunda-avaliacao-router\\src\\api\\user.js": {"path":"D:\\Javav\\AVALIACAO EM ANDAMENTO\\segunda-avaliacao-router\\src\\api\\user.js","statementMap":{"0":{"start":{"line":1,"column":23},"end":{"line":1,"column":52}},"1":{"start":{"line":5,"column":39},"end":{"line":5,"column":47}},"2":{"start":{"line":7,"column":8},"end":{"line":12,"column":9}},"3":{"start":{"line":8,"column":25},"end":{"line":8,"column":76}},"4":{"start":{"line":9,"column":12},"end":{"line":9,"column":45}},"5":{"start":{"line":11,"column":12},"end":{"line":11,"column":87}},"6":{"start":{"line":16,"column":23},"end":{"line":16,"column":33}},"7":{"start":{"line":17,"column":39},"end":{"line":17,"column":47}},"8":{"start":{"line":19,"column":8},"end":{"line":24,"column":9}},"9":{"start":{"line":20,"column":25},"end":{"line":20,"column":84}},"10":{"start":{"line":21,"column":12},"end":{"line":21,"column":45}},"11":{"start":{"line":23,"column":12},"end":{"line":23,"column":89}},"12":{"start":{"line":28,"column":23},"end":{"line":28,"column":33}},"13":{"start":{"line":30,"column":8},"end":{"line":35,"column":9}},"14":{"start":{"line":31,"column":12},"end":{"line":31,"column":51}},"15":{"start":{"line":32,"column":12},"end":{"line":32,"column":41}},"16":{"start":{"line":34,"column":12},"end":{"line":34,"column":89}},"17":{"start":{"line":39,"column":8},"end":{"line":44,"column":9}},"18":{"start":{"line":40,"column":26},"end":{"line":40,"column":53}},"19":{"start":{"line":41,"column":12},"end":{"line":41,"column":46}},"20":{"start":{"line":43,"column":12},"end":{"line":43,"column":88}},"21":{"start":{"line":48,"column":33},"end":{"line":48,"column":41}},"22":{"start":{"line":50,"column":8},"end":{"line":52,"column":9}},"23":{"start":{"line":51,"column":12},"end":{"line":51,"column":84}},"24":{"start":{"line":54,"column":8},"end":{"line":60,"column":9}},"25":{"start":{"line":55,"column":26},"end":{"line":55,"column":66}},"26":{"start":{"line":57,"column":12},"end":{"line":57,"column":43}},"27":{"start":{"line":59,"column":12},"end":{"line":59,"column":79}},"28":{"start":{"line":64,"column":22},"end":{"line":64,"column":47}},"29":{"start":{"line":66,"column":8},"end":{"line":71,"column":9}},"30":{"start":{"line":67,"column":12},"end":{"line":67,"column":53}},"31":{"start":{"line":68,"column":12},"end":{"line":68,"column":18}},"32":{"start":{"line":70,"column":12},"end":{"line":70,"column":86}},"33":{"start":{"line":75,"column":0},"end":{"line":75,"column":30}}},"fnMap":{"0":{"name":"(anonymous_0)","decl":{"start":{"line":4,"column":4},"end":{"line":4,"column":5}},"loc":{"start":{"line":4,"column":31},"end":{"line":13,"column":5}},"line":4},"1":{"name":"(anonymous_1)","decl":{"start":{"line":15,"column":4},"end":{"line":15,"column":5}},"loc":{"start":{"line":15,"column":31},"end":{"line":25,"column":5}},"line":15},"2":{"name":"(anonymous_2)","decl":{"start":{"line":27,"column":4},"end":{"line":27,"column":5}},"loc":{"start":{"line":27,"column":31},"end":{"line":36,"column":5}},"line":27},"3":{"name":"(anonymous_3)","decl":{"start":{"line":38,"column":4},"end":{"line":38,"column":5}},"loc":{"start":{"line":38,"column":30},"end":{"line":45,"column":5}},"line":38},"4":{"name":"(anonymous_4)","decl":{"start":{"line":47,"column":4},"end":{"line":47,"column":5}},"loc":{"start":{"line":47,"column":26},"end":{"line":61,"column":5}},"line":47},"5":{"name":"(anonymous_5)","decl":{"start":{"line":63,"column":4},"end":{"line":63,"column":5}},"loc":{"start":{"line":63,"column":40},"end":{"line":72,"column":5}},"line":63}},"branchMap":{"0":{"loc":{"start":{"line":50,"column":8},"end":{"line":52,"column":9}},"type":"if","locations":[{"start":{"line":50,"column":8},"end":{"line":52,"column":9}},{"start":{},"end":{}}],"line":50},"1":{"loc":{"start":{"line":50,"column":12},"end":{"line":50,"column":28}},"type":"binary-expr","locations":[{"start":{"line":50,"column":12},"end":{"line":50,"column":18}},{"start":{"line":50,"column":22},"end":{"line":50,"column":28}}],"line":50}},"s":{"0":1,"1":0,"2":0,"3":0,"4":0,"5":0,"6":0,"7":0,"8":0,"9":0,"10":0,"11":0,"12":0,"13":0,"14":0,"15":0,"16":0,"17":0,"18":0,"19":0,"20":0,"21":0,"22":0,"23":0,"24":0,"25":0,"26":0,"27":0,"28":9,"29":9,"30":9,"31":0,"32":9,"33":1},"f":{"0":0,"1":0,"2":0,"3":0,"4":0,"5":9},"b":{"0":[0,0],"1":[0,0]},"_coverageSchema":"1a1c01bbd47fc00a2c39e90264f33305004495a9","hash":"c2e7c691a410e63de3d243a3a3d09c182548cff3"}
,"D:\\Javav\\AVALIACAO EM ANDAMENTO\\segunda-avaliacao-router\\src\\controller\\project.js": {"path":"D:\\Javav\\AVALIACAO EM ANDAMENTO\\segunda-avaliacao-router\\src\\controller\\project.js","statementMap":{"0":{"start":{"line":1,"column":12},"end":{"line":1,"column":35}},"1":{"start":{"line":2,"column":23},"end":{"line":2,"column":52}},"2":{"start":{"line":3,"column":23},"end":{"line":3,"column":52}},"3":{"start":{"line":4,"column":16},"end":{"line":4,"column":43}},"4":{"start":{"line":8,"column":8},"end":{"line":10,"column":9}},"5":{"start":{"line":9,"column":12},"end":{"line":9,"column":73}},"6":{"start":{"line":12,"column":8},"end":{"line":12,"column":53}},"7":{"start":{"line":14,"column":10},"end":{"line":16,"column":8}},"8":{"start":{"line":15,"column":12},"end":{"line":15,"column":69}},"9":{"start":{"line":18,"column":25},"end":{"line":22,"column":6}},"10":{"start":{"line":24,"column":4},"end":{"line":24,"column":23}},"11":{"start":{"line":28,"column":8},"end":{"line":30,"column":9}},"12":{"start":{"line":29,"column":12},"end":{"line":29,"column":48}},"13":{"start":{"line":32,"column":29},"end":{"line":32,"column":55}},"14":{"start":{"line":34,"column":8},"end":{"line":36,"column":9}},"15":{"start":{"line":35,"column":12},"end":{"line":35,"column":54}},"16":{"start":{"line":38,"column":8},"end":{"line":38,"column":27}},"17":{"start":{"line":42,"column":8},"end":{"line":44,"column":9}},"18":{"start":{"line":43,"column":12},"end":{"line":43,"column":77}},"19":{"start":{"line":46,"column":8},"end":{"line":46,"column":53}},"20":{"start":{"line":49,"column":8},"end":{"line":51,"column":9}},"21":{"start":{"line":50,"column":12},"end":{"line":50,"column":69}},"22":{"start":{"line":53,"column":29},"end":{"line":53,"column":55}},"23":{"start":{"line":55,"column":8},"end":{"line":57,"column":9}},"24":{"start":{"line":56,"column":12},"end":{"line":56,"column":80}},"25":{"start":{"line":59,"column":8},"end":{"line":59,"column":32}},"26":{"start":{"line":60,"column":8},"end":{"line":60,"column":42}},"27":{"start":{"line":61,"column":8},"end":{"line":61,"column":36}},"28":{"start":{"line":62,"column":9},"end":{"line":62,"column":34}},"29":{"start":{"line":64,"column":8},"end":{"line":64,"column":27}},"30":{"start":{"line":68,"column":8},"end":{"line":70,"column":9}},"31":{"start":{"line":69,"column":12},"end":{"line":69,"column":47}},"32":{"start":{"line":72,"column":8},"end":{"line":72,"column":53}},"33":{"start":{"line":74,"column":29},"end":{"line":74,"column":55}},"34":{"start":{"line":76,"column":8},"end":{"line":78,"column":9}},"35":{"start":{"line":77,"column":12},"end":{"line":77,"column":54}},"36":{"start":{"line":80,"column":8},"end":{"line":82,"column":9}},"37":{"start":{"line":81,"column":12},"end":{"line":81,"column":79}},"38":{"start":{"line":84,"column":8},"end":{"line":84,"column":36}},"39":{"start":{"line":88,"column":8},"end":{"line":90,"column":9}},"40":{"start":{"line":89,"column":12},"end":{"line":89,"column":56}},"41":{"start":{"line":92,"column":25},"end":{"line":92,"column":69}},"42":{"start":{"line":93,"column":8},"end":{"line":93,"column":23}},"43":{"start":{"line":97,"column":8},"end":{"line":99,"column":9}},"44":{"start":{"line":98,"column":12},"end":{"line":98,"column":51}},"45":{"start":{"line":101,"column":8},"end":{"line":105,"column":9}},"46":{"start":{"line":102,"column":16},"end":{"line":102,"column":51}},"47":{"start":{"line":104,"column":12},"end":{"line":104,"column":76}},"48":{"start":{"line":109,"column":0},"end":{"line":109,"column":40}}},"fnMap":{"0":{"name":"(anonymous_0)","decl":{"start":{"line":7,"column":4},"end":{"line":7,"column":5}},"loc":{"start":{"line":7,"column":49},"end":{"line":25,"column":5}},"line":7},"1":{"name":"(anonymous_1)","decl":{"start":{"line":27,"column":4},"end":{"line":27,"column":5}},"loc":{"start":{"line":27,"column":26},"end":{"line":39,"column":5}},"line":27},"2":{"name":"(anonymous_2)","decl":{"start":{"line":41,"column":4},"end":{"line":41,"column":5}},"loc":{"start":{"line":41,"column":53},"end":{"line":65,"column":5}},"line":41},"3":{"name":"(anonymous_3)","decl":{"start":{"line":67,"column":4},"end":{"line":67,"column":5}},"loc":{"start":{"line":67,"column":36},"end":{"line":85,"column":5}},"line":67},"4":{"name":"(anonymous_4)","decl":{"start":{"line":87,"column":4},"end":{"line":87,"column":5}},"loc":{"start":{"line":87,"column":33},"end":{"line":94,"column":5}},"line":87},"5":{"name":"(anonymous_5)","decl":{"start":{"line":96,"column":4},"end":{"line":96,"column":5}},"loc":{"start":{"line":96,"column":30},"end":{"line":106,"column":5}},"line":96}},"branchMap":{"0":{"loc":{"start":{"line":8,"column":8},"end":{"line":10,"column":9}},"type":"if","locations":[{"start":{"line":8,"column":8},"end":{"line":10,"column":9}},{"start":{},"end":{}}],"line":8},"1":{"loc":{"start":{"line":8,"column":11},"end":{"line":8,"column":41}},"type":"binary-expr","locations":[{"start":{"line":8,"column":11},"end":{"line":8,"column":16}},{"start":{"line":8,"column":20},"end":{"line":8,"column":30}},{"start":{"line":8,"column":34},"end":{"line":8,"column":41}}],"line":8},"2":{"loc":{"start":{"line":14,"column":10},"end":{"line":16,"column":8}},"type":"if","locations":[{"start":{"line":14,"column":10},"end":{"line":16,"column":8}},{"start":{},"end":{}}],"line":14},"3":{"loc":{"start":{"line":28,"column":8},"end":{"line":30,"column":9}},"type":"if","locations":[{"start":{"line":28,"column":8},"end":{"line":30,"column":9}},{"start":{},"end":{}}],"line":28},"4":{"loc":{"start":{"line":34,"column":8},"end":{"line":36,"column":9}},"type":"if","locations":[{"start":{"line":34,"column":8},"end":{"line":36,"column":9}},{"start":{},"end":{}}],"line":34},"5":{"loc":{"start":{"line":42,"column":8},"end":{"line":44,"column":9}},"type":"if","locations":[{"start":{"line":42,"column":8},"end":{"line":44,"column":9}},{"start":{},"end":{}}],"line":42},"6":{"loc":{"start":{"line":42,"column":12},"end":{"line":42,"column":49}},"type":"binary-expr","locations":[{"start":{"line":42,"column":12},"end":{"line":42,"column":15}},{"start":{"line":42,"column":19},"end":{"line":42,"column":24}},{"start":{"line":42,"column":28},"end":{"line":42,"column":38}},{"start":{"line":42,"column":42},"end":{"line":42,"column":49}}],"line":42},"7":{"loc":{"start":{"line":49,"column":8},"end":{"line":51,"column":9}},"type":"if","locations":[{"start":{"line":49,"column":8},"end":{"line":51,"column":9}},{"start":{},"end":{}}],"line":49},"8":{"loc":{"start":{"line":55,"column":8},"end":{"line":57,"column":9}},"type":"if","locations":[{"start":{"line":55,"column":8},"end":{"line":57,"column":9}},{"start":{},"end":{}}],"line":55},"9":{"loc":{"start":{"line":68,"column":8},"end":{"line":70,"column":9}},"type":"if","locations":[{"start":{"line":68,"column":8},"end":{"line":70,"column":9}},{"start":{},"end":{}}],"line":68},"10":{"loc":{"start":{"line":68,"column":12},"end":{"line":68,"column":26}},"type":"binary-expr","locations":[{"start":{"line":68,"column":12},"end":{"line":68,"column":15}},{"start":{"line":68,"column":19},"end":{"line":68,"column":26}}],"line":68},"11":{"loc":{"start":{"line":76,"column":8},"end":{"line":78,"column":9}},"type":"if","locations":[{"start":{"line":76,"column":8},"end":{"line":78,"column":9}},{"start":{},"end":{}}],"line":76},"12":{"loc":{"start":{"line":80,"column":8},"end":{"line":82,"column":9}},"type":"if","locations":[{"start":{"line":80,"column":8},"end":{"line":82,"column":9}},{"start":{},"end":{}}],"line":80},"13":{"loc":{"start":{"line":88,"column":8},"end":{"line":90,"column":9}},"type":"if","locations":[{"start":{"line":88,"column":8},"end":{"line":90,"column":9}},{"start":{},"end":{}}],"line":88},"14":{"loc":{"start":{"line":97,"column":8},"end":{"line":99,"column":9}},"type":"if","locations":[{"start":{"line":97,"column":8},"end":{"line":99,"column":9}},{"start":{},"end":{}}],"line":97}},"s":{"0":1,"1":1,"2":1,"3":1,"4":0,"5":0,"6":0,"7":0,"8":0,"9":0,"10":0,"11":0,"12":0,"13":0,"14":0,"15":0,"16":0,"17":0,"18":0,"19":0,"20":0,"21":0,"22":0,"23":0,"24":0,"25":0,"26":0,"27":0,"28":0,"29":0,"30":0,"31":0,"32":0,"33":0,"34":0,"35":0,"36":0,"37":0,"38":0,"39":0,"40":0,"41":0,"42":0,"43":0,"44":0,"45":0,"46":0,"47":0,"48":1},"f":{"0":0,"1":0,"2":0,"3":0,"4":0,"5":0},"b":{"0":[0,0],"1":[0,0,0],"2":[0,0],"3":[0,0],"4":[0,0],"5":[0,0],"6":[0,0,0,0],"7":[0,0],"8":[0,0],"9":[0,0],"10":[0,0],"11":[0,0],"12":[0,0],"13":[0,0],"14":[0,0]},"_coverageSchema":"1a1c01bbd47fc00a2c39e90264f33305004495a9","hash":"65c6e22491ace2eda9694b5c8a1ebb77a7b4fe8a"}
,"D:\\Javav\\AVALIACAO EM ANDAMENTO\\segunda-avaliacao-router\\src\\controller\\task.js": {"path":"D:\\Javav\\AVALIACAO EM ANDAMENTO\\segunda-avaliacao-router\\src\\controller\\task.js","statementMap":{"0":{"start":{"line":1,"column":13},"end":{"line":1,"column":37}},"1":{"start":{"line":2,"column":26},"end":{"line":2,"column":46}},"2":{"start":{"line":3,"column":23},"end":{"line":3,"column":52}},"3":{"start":{"line":7,"column":8},"end":{"line":9,"column":9}},"4":{"start":{"line":8,"column":12},"end":{"line":8,"column":85}},"5":{"start":{"line":12,"column":8},"end":{"line":12,"column":53}},"6":{"start":{"line":14,"column":8},"end":{"line":16,"column":9}},"7":{"start":{"line":15,"column":12},"end":{"line":15,"column":71}},"8":{"start":{"line":18,"column":24},"end":{"line":18,"column":70}},"9":{"start":{"line":20,"column":8},"end":{"line":22,"column":9}},"10":{"start":{"line":21,"column":12},"end":{"line":21,"column":80}},"11":{"start":{"line":24,"column":26},"end":{"line":30,"column":10}},"12":{"start":{"line":32,"column":8},"end":{"line":32,"column":24}},"13":{"start":{"line":36,"column":8},"end":{"line":38,"column":9}},"14":{"start":{"line":37,"column":12},"end":{"line":37,"column":47}},"15":{"start":{"line":40,"column":26},"end":{"line":40,"column":49}},"16":{"start":{"line":42,"column":8},"end":{"line":44,"column":9}},"17":{"start":{"line":43,"column":12},"end":{"line":43,"column":50}},"18":{"start":{"line":46,"column":8},"end":{"line":46,"column":24}},"19":{"start":{"line":50,"column":8},"end":{"line":52,"column":9}},"20":{"start":{"line":51,"column":12},"end":{"line":51,"column":86}},"21":{"start":{"line":54,"column":8},"end":{"line":54,"column":53}},"22":{"start":{"line":56,"column":8},"end":{"line":58,"column":9}},"23":{"start":{"line":57,"column":12},"end":{"line":57,"column":71}},"24":{"start":{"line":60,"column":26},"end":{"line":60,"column":49}},"25":{"start":{"line":62,"column":8},"end":{"line":64,"column":9}},"26":{"start":{"line":63,"column":12},"end":{"line":63,"column":71}},"27":{"start":{"line":66,"column":8},"end":{"line":66,"column":33}},"28":{"start":{"line":67,"column":8},"end":{"line":67,"column":39}},"29":{"start":{"line":68,"column":8},"end":{"line":68,"column":33}},"30":{"start":{"line":69,"column":8},"end":{"line":69,"column":47}},"31":{"start":{"line":70,"column":8},"end":{"line":70,"column":30}},"32":{"start":{"line":72,"column":8},"end":{"line":72,"column":24}},"33":{"start":{"line":76,"column":8},"end":{"line":78,"column":9}},"34":{"start":{"line":77,"column":12},"end":{"line":77,"column":59}},"35":{"start":{"line":80,"column":8},"end":{"line":80,"column":53}},"36":{"start":{"line":82,"column":26},"end":{"line":82,"column":49}},"37":{"start":{"line":84,"column":8},"end":{"line":86,"column":9}},"38":{"start":{"line":85,"column":12},"end":{"line":85,"column":50}},"39":{"start":{"line":88,"column":8},"end":{"line":90,"column":9}},"40":{"start":{"line":89,"column":12},"end":{"line":89,"column":72}},"41":{"start":{"line":92,"column":8},"end":{"line":92,"column":33}},"42":{"start":{"line":96,"column":8},"end":{"line":98,"column":9}},"43":{"start":{"line":97,"column":12},"end":{"line":97,"column":66}},"44":{"start":{"line":99,"column":23},"end":{"line":99,"column":51}},"45":{"start":{"line":101,"column":8},"end":{"line":103,"column":9}},"46":{"start":{"line":102,"column":12},"end":{"line":102,"column":40}},"47":{"start":{"line":105,"column":22},"end":{"line":105,"column":48}},"48":{"start":{"line":106,"column":8},"end":{"line":106,"column":20}},"49":{"start":{"line":110,"column":0},"end":{"line":110,"column":37}}},"fnMap":{"0":{"name":"(anonymous_0)","decl":{"start":{"line":6,"column":4},"end":{"line":6,"column":5}},"loc":{"start":{"line":6,"column":59},"end":{"line":33,"column":5}},"line":6},"1":{"name":"(anonymous_1)","decl":{"start":{"line":35,"column":4},"end":{"line":35,"column":5}},"loc":{"start":{"line":35,"column":23},"end":{"line":47,"column":5}},"line":35},"2":{"name":"(anonymous_2)","decl":{"start":{"line":49,"column":4},"end":{"line":49,"column":5}},"loc":{"start":{"line":49,"column":75},"end":{"line":73,"column":5}},"line":49},"3":{"name":"(anonymous_3)","decl":{"start":{"line":75,"column":4},"end":{"line":75,"column":5}},"loc":{"start":{"line":75,"column":33},"end":{"line":93,"column":5}},"line":75},"4":{"name":"(anonymous_4)","decl":{"start":{"line":95,"column":4},"end":{"line":95,"column":5}},"loc":{"start":{"line":95,"column":49},"end":{"line":107,"column":5}},"line":95}},"branchMap":{"0":{"loc":{"start":{"line":7,"column":8},"end":{"line":9,"column":9}},"type":"if","locations":[{"start":{"line":7,"column":8},"end":{"line":9,"column":9}},{"start":{},"end":{}}],"line":7},"1":{"loc":{"start":{"line":7,"column":12},"end":{"line":7,"column":58}},"type":"binary-expr","locations":[{"start":{"line":7,"column":12},"end":{"line":7,"column":19}},{"start":{"line":7,"column":23},"end":{"line":7,"column":33}},{"start":{"line":7,"column":37},"end":{"line":7,"column":47}},{"start":{"line":7,"column":51},"end":{"line":7,"column":58}}],"line":7},"2":{"loc":{"start":{"line":14,"column":8},"end":{"line":16,"column":9}},"type":"if","locations":[{"start":{"line":14,"column":8},"end":{"line":16,"column":9}},{"start":{},"end":{}}],"line":14},"3":{"loc":{"start":{"line":20,"column":8},"end":{"line":22,"column":9}},"type":"if","locations":[{"start":{"line":20,"column":8},"end":{"line":22,"column":9}},{"start":{},"end":{}}],"line":20},"4":{"loc":{"start":{"line":36,"column":8},"end":{"line":38,"column":9}},"type":"if","locations":[{"start":{"line":36,"column":8},"end":{"line":38,"column":9}},{"start":{},"end":{}}],"line":36},"5":{"loc":{"start":{"line":42,"column":8},"end":{"line":44,"column":9}},"type":"if","locations":[{"start":{"line":42,"column":8},"end":{"line":44,"column":9}},{"start":{},"end":{}}],"line":42},"6":{"loc":{"start":{"line":50,"column":8},"end":{"line":52,"column":9}},"type":"if","locations":[{"start":{"line":50,"column":8},"end":{"line":52,"column":9}},{"start":{},"end":{}}],"line":50},"7":{"loc":{"start":{"line":50,"column":12},"end":{"line":50,"column":51}},"type":"binary-expr","locations":[{"start":{"line":50,"column":12},"end":{"line":50,"column":15}},{"start":{"line":50,"column":19},"end":{"line":50,"column":26}},{"start":{"line":50,"column":30},"end":{"line":50,"column":40}},{"start":{"line":50,"column":44},"end":{"line":50,"column":51}}],"line":50},"8":{"loc":{"start":{"line":56,"column":8},"end":{"line":58,"column":9}},"type":"if","locations":[{"start":{"line":56,"column":8},"end":{"line":58,"column":9}},{"start":{},"end":{}}],"line":56},"9":{"loc":{"start":{"line":62,"column":8},"end":{"line":64,"column":9}},"type":"if","locations":[{"start":{"line":62,"column":8},"end":{"line":64,"column":9}},{"start":{},"end":{}}],"line":62},"10":{"loc":{"start":{"line":76,"column":8},"end":{"line":78,"column":9}},"type":"if","locations":[{"start":{"line":76,"column":8},"end":{"line":78,"column":9}},{"start":{},"end":{}}],"line":76},"11":{"loc":{"start":{"line":76,"column":12},"end":{"line":76,"column":26}},"type":"binary-expr","locations":[{"start":{"line":76,"column":12},"end":{"line":76,"column":15}},{"start":{"line":76,"column":19},"end":{"line":76,"column":26}}],"line":76},"12":{"loc":{"start":{"line":84,"column":8},"end":{"line":86,"column":9}},"type":"if","locations":[{"start":{"line":84,"column":8},"end":{"line":86,"column":9}},{"start":{},"end":{}}],"line":84},"13":{"loc":{"start":{"line":88,"column":8},"end":{"line":90,"column":9}},"type":"if","locations":[{"start":{"line":88,"column":8},"end":{"line":90,"column":9}},{"start":{},"end":{}}],"line":88},"14":{"loc":{"start":{"line":96,"column":8},"end":{"line":98,"column":9}},"type":"if","locations":[{"start":{"line":96,"column":8},"end":{"line":98,"column":9}},{"start":{},"end":{}}],"line":96},"15":{"loc":{"start":{"line":96,"column":12},"end":{"line":96,"column":33}},"type":"binary-expr","locations":[{"start":{"line":96,"column":12},"end":{"line":96,"column":22}},{"start":{"line":96,"column":26},"end":{"line":96,"column":33}}],"line":96},"16":{"loc":{"start":{"line":101,"column":8},"end":{"line":103,"column":9}},"type":"if","locations":[{"start":{"line":101,"column":8},"end":{"line":103,"column":9}},{"start":{},"end":{}}],"line":101}},"s":{"0":1,"1":1,"2":1,"3":0,"4":0,"5":0,"6":0,"7":0,"8":0,"9":0,"10":0,"11":0,"12":0,"13":0,"14":0,"15":0,"16":0,"17":0,"18":0,"19":0,"20":0,"21":0,"22":0,"23":0,"24":0,"25":0,"26":0,"27":0,"28":0,"29":0,"30":0,"31":0,"32":0,"33":0,"34":0,"35":0,"36":0,"37":0,"38":0,"39":0,"40":0,"41":0,"42":0,"43":0,"44":0,"45":0,"46":0,"47":0,"48":0,"49":1},"f":{"0":0,"1":0,"2":0,"3":0,"4":0},"b":{"0":[0,0],"1":[0,0,0,0],"2":[0,0],"3":[0,0],"4":[0,0],"5":[0,0],"6":[0,0],"7":[0,0,0,0],"8":[0,0],"9":[0,0],"10":[0,0],"11":[0,0],"12":[0,0],"13":[0,0],"14":[0,0],"15":[0,0],"16":[0,0]},"_coverageSchema":"1a1c01bbd47fc00a2c39e90264f33305004495a9","hash":"2458c1087a5bb01c7fc88fadf17ccc2b6c0574b5"}
,"D:\\Javav\\AVALIACAO EM ANDAMENTO\\segunda-avaliacao-router\\src\\controller\\user.js": {"path":"D:\\Javav\\AVALIACAO EM ANDAMENTO\\segunda-avaliacao-router\\src\\controller\\user.js","statementMap":{"0":{"start":{"line":1,"column":13},"end":{"line":1,"column":37}},"1":{"start":{"line":2,"column":15},"end":{"line":2,"column":32}},"2":{"start":{"line":3,"column":12},"end":{"line":3,"column":35}},"3":{"start":{"line":5,"column":19},"end":{"line":5,"column":38}},"4":{"start":{"line":6,"column":19},"end":{"line":6,"column":21}},"5":{"start":{"line":11,"column":8},"end":{"line":13,"column":9}},"6":{"start":{"line":12,"column":12},"end":{"line":12,"column":68}},"7":{"start":{"line":16,"column":28},"end":{"line":16,"column":68}},"8":{"start":{"line":17,"column":8},"end":{"line":19,"column":9}},"9":{"start":{"line":18,"column":12},"end":{"line":18,"column":53}},"10":{"start":{"line":21,"column":28},"end":{"line":21,"column":64}},"11":{"start":{"line":23,"column":26},"end":{"line":27,"column":10}},"12":{"start":{"line":28,"column":8},"end":{"line":28,"column":61}},"13":{"start":{"line":30,"column":8},"end":{"line":30,"column":24}},"14":{"start":{"line":34,"column":8},"end":{"line":36,"column":9}},"15":{"start":{"line":35,"column":12},"end":{"line":35,"column":48}},"16":{"start":{"line":38,"column":26},"end":{"line":38,"column":49}},"17":{"start":{"line":40,"column":8},"end":{"line":42,"column":9}},"18":{"start":{"line":41,"column":12},"end":{"line":41,"column":54}},"19":{"start":{"line":44,"column":8},"end":{"line":44,"column":24}},"20":{"start":{"line":48,"column":8},"end":{"line":50,"column":9}},"21":{"start":{"line":49,"column":12},"end":{"line":49,"column":72}},"22":{"start":{"line":52,"column":26},"end":{"line":52,"column":49}},"23":{"start":{"line":54,"column":8},"end":{"line":54,"column":29}},"24":{"start":{"line":55,"column":8},"end":{"line":55,"column":31}},"25":{"start":{"line":56,"column":8},"end":{"line":56,"column":62}},"26":{"start":{"line":57,"column":8},"end":{"line":57,"column":24}},"27":{"start":{"line":59,"column":8},"end":{"line":59,"column":24}},"28":{"start":{"line":63,"column":8},"end":{"line":65,"column":9}},"29":{"start":{"line":64,"column":12},"end":{"line":64,"column":48}},"30":{"start":{"line":66,"column":26},"end":{"line":66,"column":49}},"31":{"start":{"line":68,"column":8},"end":{"line":70,"column":9}},"32":{"start":{"line":69,"column":12},"end":{"line":69,"column":50}},"33":{"start":{"line":72,"column":8},"end":{"line":72,"column":33}},"34":{"start":{"line":76,"column":22},"end":{"line":76,"column":42}},"35":{"start":{"line":77,"column":8},"end":{"line":77,"column":20}},"36":{"start":{"line":82,"column":8},"end":{"line":84,"column":9}},"37":{"start":{"line":83,"column":12},"end":{"line":83,"column":62}},"38":{"start":{"line":86,"column":26},"end":{"line":86,"column":65}},"39":{"start":{"line":88,"column":8},"end":{"line":90,"column":9}},"40":{"start":{"line":89,"column":12},"end":{"line":89,"column":51}},"41":{"start":{"line":92,"column":28},"end":{"line":92,"column":72}},"42":{"start":{"line":93,"column":8},"end":{"line":95,"column":9}},"43":{"start":{"line":94,"column":12},"end":{"line":94,"column":51}},"44":{"start":{"line":97,"column":25},"end":{"line":97,"column":67}},"45":{"start":{"line":98,"column":8},"end":{"line":98,"column":61}},"46":{"start":{"line":100,"column":8},"end":{"line":100,"column":34}},"47":{"start":{"line":105,"column":8},"end":{"line":107,"column":9}},"48":{"start":{"line":106,"column":12},"end":{"line":106,"column":45}},"49":{"start":{"line":109,"column":8},"end":{"line":113,"column":9}},"50":{"start":{"line":110,"column":12},"end":{"line":110,"column":47}},"51":{"start":{"line":112,"column":12},"end":{"line":112,"column":45}},"52":{"start":{"line":117,"column":0},"end":{"line":117,"column":37}}},"fnMap":{"0":{"name":"(anonymous_0)","decl":{"start":{"line":10,"column":4},"end":{"line":10,"column":5}},"loc":{"start":{"line":10,"column":41},"end":{"line":31,"column":5}},"line":10},"1":{"name":"(anonymous_1)","decl":{"start":{"line":33,"column":4},"end":{"line":33,"column":5}},"loc":{"start":{"line":33,"column":23},"end":{"line":45,"column":5}},"line":33},"2":{"name":"(anonymous_2)","decl":{"start":{"line":47,"column":4},"end":{"line":47,"column":5}},"loc":{"start":{"line":47,"column":41},"end":{"line":60,"column":5}},"line":47},"3":{"name":"(anonymous_3)","decl":{"start":{"line":62,"column":4},"end":{"line":62,"column":5}},"loc":{"start":{"line":62,"column":21},"end":{"line":73,"column":5}},"line":62},"4":{"name":"(anonymous_4)","decl":{"start":{"line":75,"column":4},"end":{"line":75,"column":5}},"loc":{"start":{"line":75,"column":17},"end":{"line":78,"column":5}},"line":75},"5":{"name":"(anonymous_5)","decl":{"start":{"line":81,"column":4},"end":{"line":81,"column":5}},"loc":{"start":{"line":81,"column":30},"end":{"line":101,"column":5}},"line":81},"6":{"name":"(anonymous_6)","decl":{"start":{"line":104,"column":4},"end":{"line":104,"column":5}},"loc":{"start":{"line":104,"column":31},"end":{"line":114,"column":5}},"line":104}},"branchMap":{"0":{"loc":{"start":{"line":11,"column":8},"end":{"line":13,"column":9}},"type":"if","locations":[{"start":{"line":11,"column":8},"end":{"line":13,"column":9}},{"start":{},"end":{}}],"line":11},"1":{"loc":{"start":{"line":11,"column":12},"end":{"line":11,"column":37}},"type":"binary-expr","locations":[{"start":{"line":11,"column":12},"end":{"line":11,"column":17}},{"start":{"line":11,"column":21},"end":{"line":11,"column":27}},{"start":{"line":11,"column":31},"end":{"line":11,"column":37}}],"line":11},"2":{"loc":{"start":{"line":17,"column":8},"end":{"line":19,"column":9}},"type":"if","locations":[{"start":{"line":17,"column":8},"end":{"line":19,"column":9}},{"start":{},"end":{}}],"line":17},"3":{"loc":{"start":{"line":34,"column":8},"end":{"line":36,"column":9}},"type":"if","locations":[{"start":{"line":34,"column":8},"end":{"line":36,"column":9}},{"start":{},"end":{}}],"line":34},"4":{"loc":{"start":{"line":40,"column":8},"end":{"line":42,"column":9}},"type":"if","locations":[{"start":{"line":40,"column":8},"end":{"line":42,"column":9}},{"start":{},"end":{}}],"line":40},"5":{"loc":{"start":{"line":48,"column":8},"end":{"line":50,"column":9}},"type":"if","locations":[{"start":{"line":48,"column":8},"end":{"line":50,"column":9}},{"start":{},"end":{}}],"line":48},"6":{"loc":{"start":{"line":48,"column":12},"end":{"line":48,"column":44}},"type":"binary-expr","locations":[{"start":{"line":48,"column":12},"end":{"line":48,"column":15}},{"start":{"line":48,"column":19},"end":{"line":48,"column":24}},{"start":{"line":48,"column":28},"end":{"line":48,"column":34}},{"start":{"line":48,"column":38},"end":{"line":48,"column":44}}],"line":48},"7":{"loc":{"start":{"line":63,"column":8},"end":{"line":65,"column":9}},"type":"if","locations":[{"start":{"line":63,"column":8},"end":{"line":65,"column":9}},{"start":{},"end":{}}],"line":63},"8":{"loc":{"start":{"line":68,"column":8},"end":{"line":70,"column":9}},"type":"if","locations":[{"start":{"line":68,"column":8},"end":{"line":70,"column":9}},{"start":{},"end":{}}],"line":68},"9":{"loc":{"start":{"line":82,"column":8},"end":{"line":84,"column":9}},"type":"if","locations":[{"start":{"line":82,"column":8},"end":{"line":84,"column":9}},{"start":{},"end":{}}],"line":82},"10":{"loc":{"start":{"line":82,"column":12},"end":{"line":82,"column":28}},"type":"binary-expr","locations":[{"start":{"line":82,"column":12},"end":{"line":82,"column":18}},{"start":{"line":82,"column":22},"end":{"line":82,"column":28}}],"line":82},"11":{"loc":{"start":{"line":88,"column":8},"end":{"line":90,"column":9}},"type":"if","locations":[{"start":{"line":88,"column":8},"end":{"line":90,"column":9}},{"start":{},"end":{}}],"line":88},"12":{"loc":{"start":{"line":93,"column":8},"end":{"line":95,"column":9}},"type":"if","locations":[{"start":{"line":93,"column":8},"end":{"line":95,"column":9}},{"start":{},"end":{}}],"line":93},"13":{"loc":{"start":{"line":105,"column":8},"end":{"line":107,"column":9}},"type":"if","locations":[{"start":{"line":105,"column":8},"end":{"line":107,"column":9}},{"start":{},"end":{}}],"line":105}},"s":{"0":1,"1":1,"2":1,"3":1,"4":1,"5":0,"6":0,"7":0,"8":0,"9":0,"10":0,"11":0,"12":0,"13":0,"14":0,"15":0,"16":0,"17":0,"18":0,"19":0,"20":0,"21":0,"22":0,"23":0,"24":0,"25":0,"26":0,"27":0,"28":0,"29":0,"30":0,"31":0,"32":0,"33":0,"34":0,"35":0,"36":0,"37":0,"38":0,"39":0,"40":0,"41":0,"42":0,"43":0,"44":0,"45":0,"46":0,"47":9,"48":6,"49":3,"50":3,"51":3,"52":1},"f":{"0":0,"1":0,"2":0,"3":0,"4":0,"5":0,"6":9},"b":{"0":[0,0],"1":[0,0,0],"2":[0,0],"3":[0,0],"4":[0,0],"5":[0,0],"6":[0,0,0,0],"7":[0,0],"8":[0,0],"9":[0,0],"10":[0,0],"11":[0,0],"12":[0,0],"13":[6,3]},"_coverageSchema":"1a1c01bbd47fc00a2c39e90264f33305004495a9","hash":"740dec286bff86fc055a53f640c2231fb3c7e2ba"}
,"D:\\Javav\\AVALIACAO EM ANDAMENTO\\segunda-avaliacao-router\\src\\database\\db.js": {"path":"D:\\Javav\\AVALIACAO EM ANDAMENTO\\segunda-avaliacao-router\\src\\database\\db.js","statementMap":{"0":{"start":{"line":1,"column":22},"end":{"line":1,"column":42}},"1":{"start":{"line":5,"column":8},"end":{"line":5,"column":19}},"2":{"start":{"line":9,"column":8},"end":{"line":14,"column":10}},"3":{"start":{"line":18,"column":0},"end":{"line":18,"column":31}}},"fnMap":{"0":{"name":"(anonymous_0)","decl":{"start":{"line":4,"column":4},"end":{"line":4,"column":5}},"loc":{"start":{"line":4,"column":18},"end":{"line":6,"column":5}},"line":4},"1":{"name":"(anonymous_1)","decl":{"start":{"line":8,"column":4},"end":{"line":8,"column":5}},"loc":{"start":{"line":8,"column":11},"end":{"line":15,"column":5}},"line":8}},"branchMap":{},"s":{"0":1,"1":1,"2":1,"3":1},"f":{"0":1,"1":1},"b":{},"_coverageSchema":"1a1c01bbd47fc00a2c39e90264f33305004495a9","hash":"03aa37bb40b043b2c59431188e17eeab1d5474aa"}
,"D:\\Javav\\AVALIACAO EM ANDAMENTO\\segunda-avaliacao-router\\src\\model\\project.js": {"path":"D:\\Javav\\AVALIACAO EM ANDAMENTO\\segunda-avaliacao-router\\src\\model\\project.js","statementMap":{"0":{"start":{"line":1,"column":17},"end":{"line":1,"column":42}},"1":{"start":{"line":5,"column":8},"end":{"line":38,"column":10}},"2":{"start":{"line":42,"column":0},"end":{"line":42,"column":38}}},"fnMap":{"0":{"name":"(anonymous_0)","decl":{"start":{"line":4,"column":4},"end":{"line":4,"column":5}},"loc":{"start":{"line":4,"column":18},"end":{"line":39,"column":5}},"line":4}},"branchMap":{},"s":{"0":1,"1":1,"2":1},"f":{"0":1},"b":{},"_coverageSchema":"1a1c01bbd47fc00a2c39e90264f33305004495a9","hash":"9e497d4eae65bb1deee8ec850ef5df0c5406dc91"}
,"D:\\Javav\\AVALIACAO EM ANDAMENTO\\segunda-avaliacao-router\\src\\model\\task.js": {"path":"D:\\Javav\\AVALIACAO EM ANDAMENTO\\segunda-avaliacao-router\\src\\model\\task.js","statementMap":{"0":{"start":{"line":1,"column":33},"end":{"line":1,"column":53}},"1":{"start":{"line":2,"column":17},"end":{"line":2,"column":43}},"2":{"start":{"line":6,"column":8},"end":{"line":53,"column":10}},"3":{"start":{"line":57,"column":0},"end":{"line":57,"column":35}}},"fnMap":{"0":{"name":"(anonymous_0)","decl":{"start":{"line":5,"column":4},"end":{"line":5,"column":5}},"loc":{"start":{"line":5,"column":18},"end":{"line":54,"column":5}},"line":5}},"branchMap":{},"s":{"0":1,"1":1,"2":1,"3":1},"f":{"0":1},"b":{},"_coverageSchema":"1a1c01bbd47fc00a2c39e90264f33305004495a9","hash":"510351584b9673f62f6646ee072b5bc1ab1490b6"}
,"D:\\Javav\\AVALIACAO EM ANDAMENTO\\segunda-avaliacao-router\\src\\model\\user.js": {"path":"D:\\Javav\\AVALIACAO EM ANDAMENTO\\segunda-avaliacao-router\\src\\model\\user.js","statementMap":{"0":{"start":{"line":1,"column":17},"end":{"line":1,"column":42}},"1":{"start":{"line":5,"column":8},"end":{"line":20,"column":10}},"2":{"start":{"line":24,"column":0},"end":{"line":24,"column":35}}},"fnMap":{"0":{"name":"(anonymous_0)","decl":{"start":{"line":4,"column":4},"end":{"line":4,"column":5}},"loc":{"start":{"line":4,"column":18},"end":{"line":21,"column":5}},"line":4}},"branchMap":{},"s":{"0":1,"1":1,"2":1},"f":{"0":1},"b":{},"_coverageSchema":"1a1c01bbd47fc00a2c39e90264f33305004495a9","hash":"a48e92e86e10a20bbfa4a997db276fbd6df2cf42"}
,"D:\\Javav\\AVALIACAO EM ANDAMENTO\\segunda-avaliacao-router\\src\\routes\\project.js": {"path":"D:\\Javav\\AVALIACAO EM ANDAMENTO\\segunda-avaliacao-router\\src\\routes\\project.js","statementMap":{"0":{"start":{"line":1,"column":16},"end":{"line":1,"column":34}},"1":{"start":{"line":2,"column":19},"end":{"line":2,"column":44}},"2":{"start":{"line":3,"column":15},"end":{"line":3,"column":31}},"3":{"start":{"line":5,"column":0},"end":{"line":5,"column":42}},"4":{"start":{"line":6,"column":0},"end":{"line":6,"column":44}},"5":{"start":{"line":7,"column":0},"end":{"line":7,"column":49}},"6":{"start":{"line":8,"column":0},"end":{"line":8,"column":47}},"7":{"start":{"line":10,"column":0},"end":{"line":10,"column":23}}},"fnMap":{},"branchMap":{},"s":{"0":1,"1":1,"2":1,"3":1,"4":1,"5":1,"6":1,"7":1},"f":{},"b":{},"_coverageSchema":"1a1c01bbd47fc00a2c39e90264f33305004495a9","hash":"7d04943a2211ab707a4c5251d8f058c73620b657"}
,"D:\\Javav\\AVALIACAO EM ANDAMENTO\\segunda-avaliacao-router\\src\\routes\\task.js": {"path":"D:\\Javav\\AVALIACAO EM ANDAMENTO\\segunda-avaliacao-router\\src\\routes\\task.js","statementMap":{"0":{"start":{"line":1,"column":16},"end":{"line":1,"column":34}},"1":{"start":{"line":2,"column":16},"end":{"line":2,"column":38}},"2":{"start":{"line":3,"column":15},"end":{"line":3,"column":31}},"3":{"start":{"line":5,"column":0},"end":{"line":5,"column":36}},"4":{"start":{"line":6,"column":0},"end":{"line":6,"column":38}},"5":{"start":{"line":7,"column":0},"end":{"line":7,"column":54}},"6":{"start":{"line":8,"column":0},"end":{"line":8,"column":41}},"7":{"start":{"line":10,"column":0},"end":{"line":10,"column":23}}},"fnMap":{},"branchMap":{},"s":{"0":1,"1":1,"2":1,"3":1,"4":1,"5":1,"6":1,"7":1},"f":{},"b":{},"_coverageSchema":"1a1c01bbd47fc00a2c39e90264f33305004495a9","hash":"d55040d38e814f77fae81093087b396bcbf8f331"}
,"D:\\Javav\\AVALIACAO EM ANDAMENTO\\segunda-avaliacao-router\\src\\routes\\user.js": {"path":"D:\\Javav\\AVALIACAO EM ANDAMENTO\\segunda-avaliacao-router\\src\\routes\\user.js","statementMap":{"0":{"start":{"line":1,"column":16},"end":{"line":1,"column":34}},"1":{"start":{"line":2,"column":16},"end":{"line":2,"column":38}},"2":{"start":{"line":3,"column":15},"end":{"line":3,"column":31}},"3":{"start":{"line":5,"column":0},"end":{"line":5,"column":36}},"4":{"start":{"line":6,"column":0},"end":{"line":6,"column":38}},"5":{"start":{"line":7,"column":0},"end":{"line":7,"column":34}},"6":{"start":{"line":8,"column":0},"end":{"line":8,"column":41}},"7":{"start":{"line":10,"column":0},"end":{"line":10,"column":23}}},"fnMap":{},"branchMap":{},"s":{"0":1,"1":1,"2":1,"3":1,"4":1,"5":1,"6":1,"7":1},"f":{},"b":{},"_coverageSchema":"1a1c01bbd47fc00a2c39e90264f33305004495a9","hash":"d1dc31ec78c6b9f7619f497564bac0194dae7c7c"}
}
